###############################################################################
#                                                                             #
# NutStudio RPN compiler for Nut, version 3.0.0         15/Jan/2018  18:27:33 #
#                                                                             #
# Command Line: -l -I../module-descriptor CRYPT.rpn                           #
#                                                                             #
###############################################################################

0000                    .section FAT
0000 ......             .fatrpn CRYPT
0002 ......             .fatrpn VIEWCR
0004 ......             .fatrpn DECR
0006 ......             .fatrpn ENCR
0000                    .section RPN
0000 025210             ;; COPY header
0002 1c4001               01 LBL "CRYPT"
0004 0f6000
0006 043052
0008 059050
000a 054
000b 1f5056               02 "V:0.5"
000d 03a030
000f 02e035
0011 1cf06a               03 LBL E
0013 1fc056               04 "VIEW DCR ECR"
0015 049045
0017 057020
0019 044043
001b 052020
001d 045043
001f 052
0020 17e                  05 AVIEW
0021 187                  06 CLA
0022 184                  07 STOP
0023 1d0013               08 GTO E
0025 06a
0026 1c2005               09 LBL "VIEWCR"
0028 0f7000
002a 056049
002c 045057
002e 043052
0030 1cf066               10 LBL A
0032 112                  11 2
0033 1b4098               12 GTO 03
0035 1c2002               13 LBL "DECR"
0037 0f5000
0039 044045
003b 043052
003d 1cf067               14 LBL B
003f 111                  15 1
0040 1b408b               16 GTO 03
0042 1cc001               17 LBL "ENCR"
0044 0f5000
0046 04504e
0048 043052
004a 1cf068               18 LBL C
004c 110                  19 0
004d 104                  20 LBL 03
004e 1a606e               21 X<>F
0050 177                  22 CLX
0051 1a606b               23 SEEKPTA
0053 115018               24 58
0055 1fb052               25 "RANGE? (58)"
0057 04104e
0059 047045
005b 03f020
005d 028035
005f 038029
0061 18e                  26 PROMPT
0062 133                  27 STO 03
0063 11401a               28 4.003
0065 010010
0067 013
0068 131                  29 STO 01
0069 10b                  30 LBL 10
006a 1f504b               31 "KEY? "
006c 045059
006e 03f020
0070 18c                  32 AON
0071 18e                  33 PROMPT
0072 18b                  34 AOFF
0073 112014               35 24
0075 1a6041               36 ALENG
0077 178                  37 X=Y?
0078 1a8005               38 SF 05
007a 11101b               39 1 E3
007c 013
007d 143                  40 /
007e 192001               41 ST+ 01
0080 121                  42 RCL 01
0081 169                  43 FRC
0082 11101b               44 1 E3
0084 013
0085 142                  45 *
0086 111                  46 1
0087 140                  47 +
0088 1a606c               48 SIZE?
008a 171                  49 X<>Y
008b 145                  50 X>Y?
008c 1a605e               51 PSIZE
008e 101                  52 LBL 00
008f 1a6047               53 ATOX
0091 191081               54 STO IND 01
0093 196001               55 ISG 01
0095 1b1009               56 GTO 00
0097 1aa005               57 FS?C 05
0099 1bb032               58 GTO 10
009b 1e0040               59 XEQ 13
009d 08d
009e 102                  60 LBL 01
009f 1a8019               61 SF 25
00a1 1a6054               62 GETREC
00a3 1ab019               63 FC?C 25
00a5 1bf0bc               64 GTO 14
00a7 1a6041               65 ALENG
00a9 132                  66 STO 02
00aa 103                  67 LBL 02
00ab 1a6047               68 ATOX
00ad 113012               69 32
00af 141                  70 -
00b0 190081               71 RCL IND 01
00b2 1ac000               72 FS? 00
00b4 141                  73 -
00b5 1ad000               74 FC? 00
00b7 140                  75 +
00b8 123                  76 RCL 03
00b9 14b                  77 MOD
00ba 113012               78 32
00bc 140                  79 +
00bd 1a606f               80 XTOA
00bf 196001               81 ISG 01
00c1 1bd083               82 GTO 12
00c3 1e0018               83 XEQ 13
00c5 08d
00c6 10d                  84 LBL 12
00c7 197002               85 DSE 02
00c9 1b3021               86 GTO 02
00cb 1ac001               87 FS? 01
00cd 19f009               88 TONE 09
00cf 1ac001               89 FS? 01
00d1 18e                  90 PROMPT
00d2 1ac001               91 FS? 01
00d4 1b2038               92 GTO 01
00d6 1a604d               93 DELREC
00d8 1a6059               94 INSREC
00da 1b203e               95 GTO 01
00dc 10e                  96 LBL 13
00dd 121                  97 RCL 01
00de 169                  98 FRC
00df 114                  99 4
00e0 140                 100 +
00e1 131                 101 STO 01
00e2 185                 102 RTN
00e3 10f                 103 LBL 14
00e4 1a9000              104 CF 00
00e6 1a9001              105 CF 01
00e8 121                 106 RCL 01
00e9 169                 107 FRC
00ea 111                 108 1
00eb 140                 109 +
00ec 1a6072              110 CLRGX
00ee 173                 111 CLST
00ef 1f4044              112 "DONE"
00f1 04f04e
00f3 045
00f4 186                 113 BEEP
00f5 17e                 114 AVIEW
00f6 187                 115 CLA
00f7 184                 116 STOP
00f8 1a606a              117 SEEKPT
00fa 1a6073              118 ED
00fc 1c801a              119 END
00fe 22f

##########################
#                        #
# Memory sizes (decimal) #
#                        #
##########################

Executable      (Text): 263 words
