###############################################################################
#                                                                             #
# NutStudio RPN compiler for Nut, version 3.0.0         15/Jan/2018  23:28:20 #
#                                                                             #
# Command Line: -l -I../module-descriptor FILEMAN.rpn                         #
#                                                                             #
###############################################################################

0000                    .section FAT
0000 ......             .fatrpn FILEMAN
0000                    .section RPN
0000 01c220             ;; COPY header
0002 1c2001               01 LBL "FILEMAN"
0004 0f8000
0006 046049
0008 04c045
000a 04d041
000c 04e
000d 1f5056               02 "V:0.4"
000f 03a030
0011 02e034
0013 ......               03 CURXMFL
0015 18e                  04 PROMPT
0016 101                  05 LBL 00
0017 1fe043               06 "C:A D G:A D SK"
0019 03a041
001b 020044
001d 020047
001f 03a041
0021 020044
0023 020053
0025 04b
0026 1a9016               07 CF 22
0028 1a9017               08 CF 23
002a 18e                  09 PROMPT
002b 1fd050               10 "P CL S:A D FL"
002d 020043
002f 04c020
0031 05303a
0033 041020
0035 044020
0037 04604c
0039 1a9016               11 CF 22
003b 1a9017               12 CF 23
003d 18e                  13 PROMPT
003e 11d0f7               14 GTO "FILEMAN"
0040 046049
0042 04c045
0044 04d041
0046 04e
0047 1cf066               15 LBL A
0049 17e                  16 AVIEW
004a 1ad016               17 FC? 22
004c 111010               18 10
004e 1ad017               19 FC? 23
0050 184                  20 STOP
0051 1a604a               21 CRFLAS
0053 1b103f               22 GTO 00
0055 1cf07b               23 LBL a
0057 1f5050               24 "PUR? "
0059 055052
005b 03f020
005d 1e0014               25 XEQ 10
005f 08a
0060 1a605f               26 PURFL
0062 1b104e               27 GTO 00
0064 1cf067               28 LBL B
0066 17e                  29 AVIEW
0067 1ad016               30 FC? 22
0069 111010               31 10
006b 1ad017               32 FC? 23
006d 184                  33 STOP
006e 1a604b               34 CRFLD
0070 1b105c               35 GTO 00
0072 10b                  36 LBL 10
0073 19a001               37 ASTO 01
0075 ......               38 CURXMFL
0077 19a073               39 ASTO X
0079 187                  40 CLA
007a 19b001               41 ARCL 01
007c 19b073               42 ARCL X
007e 18e                  43 PROMPT
007f 187                  44 CLA
0080 19b073               45 ARCL X
0082 185                  46 RTN
0083 1cf07c               47 LBL b
0085 1f5043               48 "CLR? "
0087 04c052
0089 03f020
008b 1e001a               49 XEQ 10
008d 00a
008e 1a6048               50 CLFL
0090 1b107c               51 GTO 00
0092 1cf068               52 LBL C
0094 ......               53 XROM "HGETAS"
0096 1d0081               54 GTO 00
0098 000
0099 1cf07d               55 LBL c
009b ......               56 XROM "HSAVEAS"
009d 1d0088               57 GTO 00
009f 000
00a0 1cf069               58 LBL D
00a2 ......               59 XROM "HGETD"
00a4 1d008f               60 GTO 00
00a6 000
00a7 1cf07e               61 LBL d
00a9 ......               62 XROM "HSAVED"
00ab 1d0096               63 GTO 00
00ad 000
00ae 1cf06a               64 LBL E
00b0 110                  65 0
00b1 1a606b               66 SEEKPTA
00b3 1d009e               67 GTO 00
00b5 000
00b6 1cf07f               68 LBL e
00b8 11d0f4               69 GTO "FILE"
00ba 046049
00bc 04c045
00be 1cc01a               70 END
00c0 22f

##########################
#                        #
# Memory sizes (decimal) #
#                        #
##########################

Executable      (Text): 195 words
