###############################################################################
#                                                                             #
# NutStudio RPN compiler for Nut, version 3.0.0         15/Jan/2018  18:26:08 #
#                                                                             #
# Command Line: -l -I../module-descriptor HOURS.rpn                           #
#                                                                             #
###############################################################################

0000                    .section FAT
0000 ......             .fatrpn HOURS
0002 ......             .fatrpn PED
0004 ......             .fatrpn HCLR
0006 ......             .fatrpn HED
0000                    .section RPN
0000 029240             ;; COPY header
0002 1cc000               01 LBL "HOURS"
0004 0f6000
0006 04804f
0008 055052
000a 053
000b 1f5056               02 "V:0.6"
000d 03a030
000f 02e036
0011 111010               03 10
0013 139                  04 STO 09
0014 114                  05 4
0015 000
0016 110                  06 0
0017 1f6048               07 "HPROJS"
0019 050052
001b 04f04a
001d 053
001e ......               08 XROM "SKPTACR"
0020 101                  09 LBL 00
0021 1a8019               10 SF 25
0023 1a6054               11 GETREC
0025 1ab019               12 FC?C 25
0027 1b2089               13 GTO 01
0029 19a089               14 ASTO IND 09
002b 111                  15 1
002c 192009               16 ST+ 09
002e 140                  17 +
002f 146                  18 X≤Y?
0030 1b1012               19 GTO 00
0032 102                  20 LBL 01
0033 110                  21 0
0034 1f6048               22 "HOURSF"
0036 04f055
0038 052053
003a 046
003b ......               23 XROM "SKPTACR"
003d 187                  24 CLA
003e 1cf063               25 LBL 99
0040 129                  26 RCL 09
0041 111010               27 10
0043 103                  28 LBL 02
0044 19b0f3               29 ARCL IND X
0046 111                  30 1
0047 140                  31 +
0048 144                  32 X<Y?
0049 1f207f               33 >" "
004b 020
004c 144                  34 X<Y?
004d 1b300c               35 GTO 02
004f 1a608c               36 DATE
0051 17e                  37 AVIEW
0052 187                  38 CLA
0053 184                  39 STOP
0054 1d0017               40 GTO 99
0056 063
0057 1cf066               41 LBL A
0059 111010               42 10
005b 1bb096               43 GTO 10
005d 1cf067               44 LBL B
005f 111011               45 11
0061 1bb090               46 GTO 10
0063 1cf068               47 LBL C
0065 111012               48 12
0067 1bb08a               49 GTO 10
0069 1cf069               50 LBL D
006b 111013               51 13
006d 1bb084               52 GTO 10
006f 1cf06a               53 LBL E
0071 111014               54 14
0073 10b                  55 LBL 10
0074 138                  56 STO 08
0075 175                  57 RDN
0076 135                  58 STO 05
0077 175                  59 RDN
0078 1a6060               60 RCLFLAG
007a 130                  61 STO 00
007b 175                  62 RDN
007c 19a001               63 ASTO 01
007e 188                  64 ASHF
007f 19a002               65 ASTO 02
0081 188                  66 ASHF
0082 19a003               67 ASTO 03
0084 188                  68 ASHF
0085 19a004               69 ASTO 04
0087 187                  70 CLA
0088 ......               71 XROM "FLSZ+"
008a 187                  72 CLA
008b 19c002               73 FIX 02
008d 1ac01f               74 FS? 31
008f 1e007c               75 XEQ 11
0091 08b
0092 19b073               76 ARCL X
0094 1f207f               77 >":"
0096 03a
0097 19c001               78 FIX 01
0099 19b005               79 ARCL 05
009b 1f207f               80 >":"
009d 03a
009e 19b088               81 ARCL IND 08
00a0 1f207f               82 >":"
00a2 03a
00a3 1a6059               83 INSREC
00a5 187                  84 CLA
00a6 19b001               85 ARCL 01
00a8 19b002               86 ARCL 02
00aa 19b003               87 ARCL 03
00ac 19b004               88 ARCL 04
00ae 1a6043               89 APPCHR
00b0 1a6061               90 RCLPT
00b2 168                  91 INT
00b3 1a606a               92 SEEKPT
00b5 1a6054               93 GETREC
00b7 17e                  94 AVIEW
00b8 120                  95 RCL 00
00b9 1a606d               96 STOFLAG
00bb 177                  97 CLX
00bc 185                  98 RTN
00bd 1d0080               99 GTO 99
00bf 063
00c0 1c201b              100 LBL "PED"
00c2 0f4000
00c4 050045
00c6 044
00c7 1cf07b              101 LBL a
00c9 110                 102 0
00ca 1f6048              103 "HPROJS"
00cc 050052
00ce 04f04a
00d0 053
00d1 1a606b              104 SEEKPTA
00d3 1a6073              105 ED
00d5 11d0f5              106 GTO "HOURS"
00d7 04804f
00d9 055052
00db 053
00dc 1c0004              107 LBL "HCLR"
00de 0f5000
00e0 048043
00e2 04c052
00e4 1cf07d              108 LBL c
00e6 1f6048              109 "HOURSF"
00e8 04f055
00ea 052053
00ec 046
00ed 1a6048              110 CLFL
00ef ......              111 XROM "FLSZ-"
00f1 1f7043              112 "CLEARED"
00f3 04c045
00f5 041052
00f7 045044
00f9 18e                 113 PROMPT
00fa 1d00bd              114 GTO 99
00fc 063
00fd 1ca004              115 LBL "HED"
00ff 0f4000
0101 048045
0103 044
0104 1cf07f              116 LBL e
0106 187                 117 CLA
0107 1a6073              118 ED
0109 1d00cc              119 GTO 99
010b 063
010c 10c                 120 LBL 11
010d 183                 121 ENTER^
010e 168                 122 INT
010f 11101b              123 1 E2
0111 012
0112 143                 124 /
0113 171                 125 X<>Y
0114 169                 126 FRC
0115 11101b              127 1 E2
0117 012
0118 142                 128 *
0119 168                 129 INT
011a 140                 130 +
011b 1c4004              131 END
011d 22f

##########################
#                        #
# Memory sizes (decimal) #
#                        #
##########################

Executable      (Text): 294 words
