###############################################################################
#                                                                             #
# NutStudio RPN compiler for Nut, version 3.0.0         15/Jan/2018  18:51:15 #
#                                                                             #
# Command Line: -l -I../module-descriptor LIBHPX.rpn                          #
#                                                                             #
###############################################################################

0000                    .section FAT
0000 ......             .fatrpn LIBHPX
0002 ......             .fatrpn HSAVEAS
0004 ......             .fatrpn HSAVED
0006 ......             .fatrpn HGETAS
0008 ......             .fatrpn HGETD
000a ......             .fatrpn HRESZFL
0000                    .section RPN
0000 01a220             ;; COPY header
0002 1c2001               01 LBL "LIBHPX"
0004 0f7000
0006 04c049
0008 042048
000a 050058
000c 1f5056               02 "V:0.3"
000e 03a030
0010 02e033
0012 1c4002               03 LBL "HSAVEAS"
0014 0f8000
0016 048053
0018 041056
001a 045041
001c 053
001d 110                  04 0
001e 1a606b               05 SEEKPTA
0020 1a8019               06 SF 25
0022 1a10d7               07 HPURFL
0024 1a604f               08 FLSIZE
0026 1a10c6               09 HCRFLAS
0028 1a8019               10 SF 25
002a 101                  11 LBL 00
002b 1a6054               12 GETREC
002d 1ad019               13 FC? 25
002f 185                  14 RTN
0030 1a10c2               15 HAPPREC
0032 1b100a               16 GTO 00
0034 1cc004               17 LBL "HSAVED"
0036 0f7000
0038 048053
003a 041056
003c 045044
003e 110                  18 0
003f 1a606b               19 SEEKPTA
0041 1a8019               20 SF 25
0043 1a10d7               21 HPURFL
0045 1a604f               22 FLSIZE
0047 1a10c7               23 HCRFLD
0049 111                  24 1
004a 140                  25 +
004b 11101b               26 1 E3
004d 013
004e 143                  27 /
004f 112                  28 2
0050 140                  29 +
0051 1a6055               30 GETRX
0053 1a10e0               31 HSAVERX
0055 185                  32 RTN
0056 1cc004               33 LBL "HGETAS"
0058 0f7000
005a 048047
005c 045054
005e 041053
0060 110                  34 0
0061 1a10e4               35 HSEKPTA
0063 1a8019               36 SF 25
0065 1a605f               37 PURFL
0067 1a10cd               38 HFLSIZE
0069 1a604a               39 CRFLAS
006b 1a8019               40 SF 25
006d 102                  41 LBL 01
006e 1a10d1               42 HGETREC
0070 1ad019               43 FC? 25
0072 185                  44 RTN
0073 1a6044               45 APPREC
0075 1b200a               46 GTO 01
0077 1ca004               47 LBL "HGETD"
0079 0f6000
007b 048047
007d 045054
007f 044
0080 110                  48 0
0081 1a10e4               49 HSEKPTA
0083 1a8019               50 SF 25
0085 1a605f               51 PURFL
0087 1a10cd               52 HFLSIZE
0089 1a604b               53 CRFLD
008b 111                  54 1
008c 140                  55 +
008d 11101b               56 1 E3
008f 013
0090 143                  57 /
0091 112                  58 2
0092 140                  59 +
0093 1a10d2               60 HGETRX
0095 1a6068               61 SAVERX
0097 185                  62 RTN
0098 1ca004               63 LBL "HRESZFL"
009a 0f8000
009c 048052
009e 045053
00a0 05a046
00a2 04c
00a3 19a002               64 ASTO 02
00a5 133                  65 STO 03
00a6 ......               66 XROM "HGETAS"
00a8 187                  67 CLA
00a9 19b002               68 ARCL 02
00ab 123                  69 RCL 03
00ac 1a6077               70 RESZFL
00ae ......               71 XROM "HSAVEAS"
00b0 1c6003               72 END
00b2 22f

##########################
#                        #
# Memory sizes (decimal) #
#                        #
##########################

Executable      (Text): 191 words
