###############################################################################
#                                                                             #
# NutStudio RPN compiler for Nut, version 3.0.0         15/Jan/2018  18:51:15 #
#                                                                             #
# Command Line: -l -I../module-descriptor LIBXM.rpn                           #
#                                                                             #
###############################################################################

0000                    .section FAT
0000 ......             .fatrpn LIBXM
0002 ......             .fatrpn FLSORT
0004 ......             .fatrpn `FLSZ+`
0006 ......             .fatrpn `FLSZ-`
0008 ......             .fatrpn SKPTACR
0000                    .section RPN
0000 01c240             ;; COPY header
0002 1cc000               01 LBL "LIBXM"
0004 0f6000
0006 04c049
0008 042058
000a 04d
000b 1f5056               02 "V:0.2"
000d 03a030
000f 02e032
0011 1c2002               03 LBL "FLSORT"
0013 0f7000
0015 04604c
0017 05304f
0019 052054
001b 107                  04 LBL 06
001c 110                  05 0
001d 1a606a               06 SEEKPT
001f 1a8019               07 SF 25
0021 1a6054               08 GETREC
0023 1a8005               09 SF 05
0025 1ad019               10 FC? 25
0027 1b90c2               11 GTO 08
0029 1a8019               12 SF 25
002b 108                  13 LBL 07
002c 19a005               14 ASTO 05
002e 1ac001               15 FS? 01
0030 188                  16 ASHF
0031 1ac001               17 FS? 01
0033 19a006               18 ASTO 06
0035 1a6054               19 GETREC
0037 1ad019               20 FC? 25
0039 1b90b0               21 GTO 08
003b 115                  22 5
003c 183                  23 ENTER^
003d 19a073               24 ASTO X
003f 1ad001               25 FC? 01
0041 1bb091               26 GTO 10
0043 1a6079               27 X=NN?
0045 1bc082               28 GTO 11
0047 1bb08b               29 GTO 10
0049 10c                  30 LBL 11
004a 116                  31 6
004b 183                  32 ENTER^
004c 1a6046               33 AROT
004e 19a073               34 ASTO X
0050 171                  35 X<>Y
0051 154                  36 CHS
0052 1a6046               37 AROT
0054 10b                  38 LBL 10
0055 1a607e               39 X>=NN?
0057 1b802e               40 GTO 07
0059 1a9005               41 CF 05
005b 1a604d               42 DELREC
005d 1a6061               43 RCLPT
005f 111                  44 1
0060 141                  45 -
0061 1a606a               46 SEEKPT
0063 1a6059               47 INSREC
0065 111                  48 1
0066 140                  49 +
0067 1a606a               50 SEEKPT
0069 1b8040               51 GTO 07
006b 109                  52 LBL 08
006c 1ab005               53 FC?C 05
006e 1b7055               54 GTO 06
0070 187                  55 CLA
0071 173                  56 CLST
0072 1a606a               57 SEEKPT
0074 185                  58 RTN
0075 1c400e               59 LBL "FLSZ+"
0077 0f6000
0079 04604c
007b 05305a
007d 02b
007e 1a6071               60 ASROOM
0080 114018               61 48
0082 141                  62 -
0083 164                  63 X>0?
0084 1bb087               64 GTO 10
0086 175                  65 RDN
0087 1a604f               66 FLSIZE
0089 114                  67 4
008a 140                  68 +
008b 1a6077               69 RESZFL
008d 10b                  70 LBL 10
008e 175                  71 RDN
008f 185                  72 RTN
0090 1cc003               73 LBL "FLSZ-"
0092 0f6000
0094 04604c
0096 05305a
0098 02d
0099 1a604f               74 FLSIZE
009b 1a6071               75 ASROOM
009d 117                  76 7
009e 143                  77 /
009f 141                  78 -
00a0 111                  79 1
00a1 140                  80 +
00a2 168                  81 INT
00a3 1a6077               82 RESZFL
00a5 175                  83 RDN
00a6 185                  84 RTN
00a7 1c4003               85 LBL "SKPTACR"
00a9 0f8000
00ab 05304b
00ad 050054
00af 041043
00b1 052
00b2 1a8019               86 SF 25
00b4 110                  87 0
00b5 1a606b               88 SEEKPTA
00b7 175                  89 RDN
00b8 1aa019               90 FS?C 25
00ba 185                  91 RTN
00bb 111010               92 10
00bd 1a604a               93 CRFLAS
00bf 175                  94 RDN
00c0 1c8003               95 END
00c2 22f

##########################
#                        #
# Memory sizes (decimal) #
#                        #
##########################

Executable      (Text): 205 words
