###############################################################################
#                                                                             #
# NutStudio RPN compiler for Nut, version 3.0.0         15/Jan/2018  21:21:52 #
#                                                                             #
# Command Line: -l -I../module-descriptor REM.rpn                             #
#                                                                             #
###############################################################################

0000                    .section FAT
0000 ......             .fatrpn REM
0002 ......             .fatrpn `R+`
0004 ......             .fatrpn R
0000                    .section RPN
0000 035260             ;; COPY header
0002 1c8000               01 LBL "REM"
0004 0f4000
0006 052045
0008 04d
0009 1f6056               02 "V. 0.5"
000b 02e020
000d 03002e
000f 035
0010 102                  03 LBL 01
0011 1e1047               04 XEQ 03
0013 083
0014 1ff02b               05 "+,- L,E ? T,S *"
0016 02c02d
0018 02004c
001a 02c045
001c 02003f
001e 020054
0020 02c053
0022 02002a
0024 17e                  06 AVIEW
0025 187                  07 CLA
0026 184                  08 STOP
0027 1b2019               09 GTO 01
0029 1c8005               10 LBL "R+"
002b 0f3000
002d 05202b
002f 1cf066               11 LBL A
0031 171                  12 X<>Y
0032 1a608c               13 DATE
0034 178                  14 X=Y?
0035 1a8000               15 SF 00
0037 175                  16 RDN
0038 171                  17 X<>Y
0039 1ac000               18 FS? 00
003b 1bd0e0               19 GTO 12
003d 19a001               20 ASTO 01
003f 188                  21 ASHF
0040 19a002               22 ASTO 02
0042 1e1016               23 XEQ 03
0044 083
0045 175                  24 RDN
0046 ......               25 XROM "FLSZ+"
0048 187                  26 CLA
0049 1a6060               27 RCLFLAG
004b 130                  28 STO 00
004c 175                  29 RDN
004d 171                  30 X<>Y
004e 19c002               31 FIX 02
0050 1ac01f               32 FS? 31
0052 1e003a               33 XEQ 11
0054 08b
0055 1e0022               34 XEQ 10
0057 08a
0058 1a605d               35 POSFL
005a 175                  36 RDN
005b 1f207f               37 >":"
005d 03a
005e 175                  38 RDN
005f 1e0018               39 XEQ 10
0061 08a
0062 1f207f               40 >":"
0064 03a
0065 120                  41 RCL 00
0066 1a606d               42 STOFLAG
0068 19b001               43 ARCL 01
006a 19b002               44 ARCL 02
006c 17e                  45 AVIEW
006d 1a6059               46 INSREC
006f 173                  47 CLST
0070 1ac000               48 FS? 00
0072 11d0f1               49 GTO "R"
0074 052
0075 185                  50 RTN
0076 1b2068               51 GTO 01
0078 10b                  52 LBL 10
0079 111010               53 10
007b 145                  54 X>Y?
007c 1a8005               55 SF 05
007e 175                  56 RDN
007f 1ac005               57 FS? 05
0081 114018               58 48
0083 1ac005               59 FS? 05
0085 1a606f               60 XTOA
0087 1aa005               61 FS?C 05
0089 175                  62 RDN
008a 19b073               63 ARCL X
008c 185                  64 RTN
008d 10c                  65 LBL 11
008e 183                  66 ENTER^
008f 168                  67 INT
0090 11101b               68 1 E2
0092 012
0093 143                  69 /
0094 171                  70 X<>Y
0095 169                  71 FRC
0096 11101b               72 1 E2
0098 012
0099 142                  73 *
009a 168                  74 INT
009b 140                  75 +
009c 185                  76 RTN
009d 10d                  77 LBL 12
009e 1a609d               78 XYZALM
00a0 185                  79 RTN
00a1 1d0092               80 GTO 01
00a3 001
00a4 1cf07b               81 LBL a
00a6 1a604d               82 DELREC
00a8 185                  83 RTN
00a9 1d0007               84 GTO 20
00ab 094
00ac 1cf067               85 LBL B
00ae 110                  86 0
00af 1a606a               87 SEEKPT
00b1 1cf014               88 LBL 20
00b3 1a6054               89 GETREC
00b5 1ac037               90 FS? 55
00b7 1a7048               91 PRA
00b9 1ac037               92 FS? 55
00bb 1d000b               93 GTO 20
00bd 014
00be 1a6042               94 ANUM
00c0 188                  95 ASHF
00c1 1a6042               96 ANUM
00c3 188                  97 ASHF
00c4 18c                  98 AON
00c5 184                  99 STOP
00c6 1d0016              100 GTO 20
00c8 014
00c9 1cf07c              101 LBL b
00cb 187                 102 CLA
00cc 1a6073              103 ED
00ce 1d00bf              104 GTO 01
00d0 001
00d1 1cf068              105 LBL C
00d3 19a000              106 ASTO 00
00d5 110                 107 0
00d6 1a606a              108 SEEKPT
00d8 1cf01e              109 LBL 30
00da 187                 110 CLA
00db 19b000              111 ARCL 00
00dd 1a605d              112 POSFL
00df 166                 113 X<0?
00e0 1d000c              114 GTO 31
00e2 09f
00e3 168                 115 INT
00e4 1a606a              116 SEEKPT
00e6 1a6054              117 GETREC
00e8 17e                 118 AVIEW
00e9 185                 119 RTN
00ea 1d0013              120 GTO 30
00ec 01e
00ed 1cf01f              121 LBL 31
00ef 185                 122 RTN
00f0 1d00e1              123 GTO 01
00f2 001
00f3 1cf069              124 LBL D
00f5 1a6082              125 ALMCAT
00f7 185                 126 RTN
00f8 1d00e9              127 GTO 01
00fa 001
00fb 1cf07e              128 LBL d
00fd ......              129 XROM "FLSORT"
00ff 1cf06a              130 LBL E
0101 1d00f2              131 GTO 01
0103 001
0104 1cf07f              132 LBL e
0106 1f305e              133 "^^R"
0108 05e052
010a 112014              134 24
010c 1a608c              135 DATE
010e 111                 136 1
010f 1a608d              137 DATE+
0111 11a013              138 .3
0113 1a609d              139 XYZALM
0115 1f4049              140 "INIT"
0117 04e049
0119 054
011a 17e                 141 AVIEW
011b 189                 142 PSE
011c 1d100d              143 GTO 01
011e 001
011f 1c2023              144 LBL "R"
0121 0f2000
0123 052
0124 1e0034              145 XEQ 03
0126 083
0127 1a6060              146 RCLFLAG
0129 19c002              147 FIX 02
012b 1a6091              148 MDY
012d 1a608c              149 DATE
012f 16e                 150 RND
0130 187                 151 CLA
0131 19b073              152 ARCL X
0133 19a005              153 ASTO 05
0135 171                 154 X<>Y
0136 1a606d              155 STOFLAG
0138 1cf055              156 LBL 85
013a 187                 157 CLA
013b 19b005              158 ARCL 05
013d 1a605d              159 POSFL
013f 166                 160 X<0?
0140 1d0021              161 GTO 99
0142 0e3
0143 168                 162 INT
0144 1a606a              163 SEEKPT
0146 1a6054              164 GETREC
0148 110                 165 0
0149 1a608c              166 DATE
014b 188                 167 ASHF
014c 1a6042              168 ANUM
014e 11a013              169 .3
0150 14a                 170 HMS-
0151 188                 171 ASHF
0152 1a609d              172 XYZALM
0154 1a604d              173 DELREC
0156 1d001f              174 GTO 85
0158 055
0159 104                 175 LBL 03
015a 1f3052              176 "REM"
015c 04504d
015e 110                 177 0
015f 1a606b              178 SEEKPTA
0161 185                 179 RTN
0162 1cf063              180 LBL 99
0164 187                 181 CLA
0165 ......              182 XROM "FLSORT"
0167 ......              183 XROM "FLSZ-"
0169 173                 184 CLST
016a 1ab000              185 FC?C 00
016c 11d0f3              186 GTO "->U"
016e 02d03e
0170 055
0171 1ca00b              187 END
0173 22f

##########################
#                        #
# Memory sizes (decimal) #
#                        #
##########################

Executable      (Text): 378 words
