###############################################################################
#                                                                             #
# NutStudio RPN compiler for Nut, version 3.0.0         14/Jan/2018  20:35:52 #
#                                                                             #
# Command Line: -l -I../module-descriptor UAC.rpn                             #
#                                                                             #
###############################################################################

0000                    .section FAT
0000 ......             .fatrpn UAC
0002 ......             .fatrpn SCK
0004 ......             .fatrpn `AL+`
0006 ......             .fatrpn ALM
0008 ......             .fatrpn `A+`
0000                    .section RPN
0000 037220             ;; COPY header
0002 1c2001               01 LBL "UAC"
0004 0f4000
0006 055041
0008 043
0009 102                  02 LBL 01
000a 1fe02e               03 ".5,+ 8,9 c A T"
000c 03502c
000e 02b020
0010 03802c
0012 039020
0014 063020
0016 041020
0018 054
0019 18e                  04 PROMPT
001a 1a608a               05 CLOCK
001c 1a6082               06 ALMCAT
001e 1f8056               07 "V. 0.6.6"
0020 02e020
0022 03002e
0024 03602e
0026 036
0027 18e                  08 PROMPT
0028 1b2021               09 GTO 01
002a 1cf066               10 LBL A
002c 11a013               11 .3
002e 1cf07b               12 LBL a
0030 120                  13 RCL 00
0031 167                  14 X=0?
0032 1a8005               15 SF 05
0034 1ac005               16 FS? 05
0036 175                  17 RDN
0037 1aa005               18 FS?C 05
0039 1a609c               19 TIME
003b 149                  20 HMS+
003c 1a8006               21 SF 06
003e 1e0027               22 XEQ 30
0040 09e
0041 1d00dc               23 GTO 03
0043 083
0044 1cf067               24 LBL B
0046 19f008               25 TONE 08
0048 11801a               26 8.1
004a 011
004b 1a8006               27 SF 06
004d 1e0018               28 XEQ 30
004f 09e
0050 1d00c2               29 GTO 02
0052 082
0053 1cf07c               30 LBL b
0055 19f008               31 TONE 08
0057 19f008               32 TONE 08
0059 119                  33 9
005a 1a8006               34 SF 06
005c 1e0009               35 XEQ 30
005e 09e
005f 1d00b3               36 GTO 02
0061 082
0062 1cf068               37 LBL C
0064 110                  38 0
0065 130                  39 STO 00
0066 1cf01e               40 LBL 30
0068 1a8019               41 SF 25
006a 1a609f               42 CLALMA
006c 1a8019               43 SF 25
006e 1f405e               44 "^^A+"
0070 05e041
0072 02b
0073 1a609f               45 CLALMA
0075 19f002               46 TONE 02
0077 1ac006               47 FS? 06
0079 185                  48 RTN
007a 1d00d0               49 GTO 05
007c 085
007d 1cf07d               50 LBL c
007f 110                  51 0
0080 130                  52 STO 00
0081 1a60a1               53 CLRALMS
0083 19f002               54 TONE 02
0085 19f002               55 TONE 02
0087 1d00c3               56 GTO 05
0089 085
008a 1cf069               57 LBL D
008c 120                  58 RCL 00
008d 167                  59 X=0?
008e 1d0014               60 GTO 45
0090 0ad
0091 1a6083               61 ALMNOW
0093 1a609c               62 TIME
0095 14a                  63 HMS-
0096 166                  64 X<0?
0097 186                  65 BEEP
0098 161                  66 ABS
0099 1d001a               67 GTO 50
009b 0b2
009c 1cf07e               68 LBL d
009e 120                  69 RCL 00
009f 163                  70 X≠0?
00a0 1d0013               71 GTO 50
00a2 0b2
00a3 1cf02d               72 LBL 45
00a5 186                  73 BEEP
00a6 1d00a4               74 GTO 05
00a8 085
00a9 1cc017               75 LBL "SCK"
00ab 0f4000
00ad 053043
00af 04b
00b0 1cf06a               76 LBL E
00b2 1a609c               77 TIME
00b4 1cf032               78 LBL 50
00b6 131                  79 STO 01
00b7 116                  80 6
00b8 143                  81 /
00b9 168                  82 INT
00ba 111                  83 1
00bb 140                  84 +
00bc 108                  85 LBL 07
00bd 19f004               86 TONE 04
00bf 197073               87 DSE X
00c1 1b8007               88 GTO 07
00c3 121                  89 RCL 01
00c4 116                  90 6
00c5 14b                  91 MOD
00c6 168                  92 INT
00c7 111                  93 1
00c8 140                  94 +
00c9 109                  95 LBL 08
00ca 19f009               96 TONE 09
00cc 197073               97 DSE X
00ce 1b9007               98 GTO 08
00d0 121                  99 RCL 01
00d1 169                 100 FRC
00d2 111010              101 100
00d4 010
00d5 142                 102 *
00d6 111015              103 15
00d8 143                 104 /
00d9 168                 105 INT
00da 111                 106 1
00db 140                 107 +
00dc 10a                 108 LBL 09
00dd 19f004              109 TONE 04
00df 197073              110 DSE X
00e1 1ba007              111 GTO 09
00e3 121                 112 RCL 01
00e4 1b60e5              113 GTO 05
00e6 1cf07f              114 LBL e
00e8 1aa000              115 FS?C 00
00ea 1d0012              116 GTO 55
00ec 0b7
00ed 120                 117 RCL 00
00ee 167                 118 X=0?
00ef 1d004d              119 GTO 45
00f1 02d
00f2 1a609c              120 TIME
00f4 131                 121 STO 01
00f5 1a8000              122 SF 00
00f7 1f4048              123 "HOLD"
00f9 04f04c
00fb 044
00fc 18e                 124 PROMPT
00fd 1cf037              125 LBL 55
00ff 1a609c              126 TIME
0101 121                 127 RCL 01
0102 14a                 128 HMS-
0103 120                 129 RCL 00
0104 149                 130 HMS+
0105 1a8006              131 SF 06
0107 1e00a2              132 XEQ 30
0109 01e
010a 1b4092              133 GTO 03
010c 1c200e              134 LBL "AL+"
010e 0f4000
0110 04104c
0112 02b
0113 103                 135 LBL 02
0114 1a609c              136 TIME
0116 149                 137 HMS+
0117 1c8001              138 LBL "ALM"
0119 0f4000
011b 04104c
011d 04d
011e 104                 139 LBL 03
011f 112014              140 24
0121 141                 141 -
0122 164                 142 X>0?
0123 1d0005              143 GTO 90
0125 0da
0126 112014              144 24
0128 140                 145 +
0129 1cf05a              146 LBL 90
012b 130                 147 STO 00
012c 1f405e              148 "^^A+"
012e 05e041
0130 02b
0131 1a609c              149 TIME
0133 171                 150 X<>Y
0134 145                 151 X>Y?
0135 1a8005              152 SF 05
0137 173                 153 CLST
0138 1a608c              154 DATE
013a 1ad005              155 FC? 05
013c 111                 156 1
013d 1ab005              157 FC?C 05
013f 1a608d              158 DATE+
0141 120                 159 RCL 00
0142 1a609d              160 XYZALM
0144 19f009              161 TONE 09
0146 1a801a              162 SF 26
0148 1ab006              163 FC?C 06
014a 185                 164 RTN
014b 106                 165 LBL 05
014c 189                 166 PSE
014d 189                 167 PSE
014e 189                 168 PSE
014f 18d                 169 OFF
0150 1d1048              170 GTO 01
0152 001
0153 1c8008              171 LBL "A+"
0155 0f3000
0157 04102b
0159 173                 172 CLST
015a 187                 173 CLA
015b 1a608c              174 DATE
015d 1a609c              175 TIME
015f 11a010              176 .002
0161 010012
0163 149                 177 HMS+
0164 19b073              178 ARCL X
0166 1a609d              179 XYZALM
0168 1ad002              180 FC? 02
016a 1d0009              181 GTO 95
016c 0df
016d 11a011              182 .1
016f 1a8006              183 SF 06
0171 1e005f              184 XEQ 02
0173 002
0174 1cf05f              185 LBL 95
0176 18d                 186 OFF
0177 11a011              187 .1
0179 1b3068              188 GTO 02
017b 1ca005              189 END
017d 22f

##########################
#                        #
# Memory sizes (decimal) #
#                        #
##########################

Executable      (Text): 392 words
