###############################################################################
#                                                                             #
# NutStudio RPN compiler for Nut, version 3.0.0         14/Jan/2018  20:35:53 #
#                                                                             #
# Command Line: -l -I../module-descriptor WKA.rpn                             #
#                                                                             #
###############################################################################

0000                    .section FAT
0000 ......             .fatrpn WKA
0002 ......             .fatrpn WKR
0004 ......             .fatrpn W
0006 ......             .fatrpn WKS
0000                    .section RPN
0000 016270             ;; COPY header
0002 1c6000               01 LBL "WKA"
0004 0f4000
0006 05704b
0008 041
0009 1a8019               02 SF 25
000b 110                  03 0
000c 1f1057               04 "W"
000e 1a606b               05 SEEKPTA
0010 1ad019               06 FC? 25
0012 117                  07 7
0013 1ab019               08 FC?C 25
0015 1a604b               09 CRFLD
0017 1f5030               10 "0=SUN"
0019 03d053
001b 05504e
001d 17e                  11 AVIEW
001e 1a6060               12 RCLFLAG
0020 1ce001               13 X<> 01
0022 19c000               14 FIX 00
0024 1a901d               15 CF 29
0026 1cf03c               16 LBL 60
0028 1a8019               17 SF 25
002a 1a6057               18 GETX
002c 1ab019               19 FC?C 25
002e 1d0019               20 GTO 61
0030 0bd
0031 1a6061               21 RCLPT
0033 111                  22 1
0034 141                  23 -
0035 1a606a               24 SEEKPT
0037 171                  25 X<>Y
0038 1f4044               26 "DAY:"
003a 041059
003c 03a
003d 19b072               27 ARCL Y
003f 1f207f               28 >"?"
0041 03f
0042 18e                  29 PROMPT
0043 1a6069               30 SAVEX
0045 1d0020               31 GTO 60
0047 03c
0048 1cf03d               32 LBL 61
004a 121                  33 RCL 01
004b 1a606d               34 STOFLAG
004d 1ca00a               35 LBL "WKR"
004f 0f4000
0051 05704b
0053 052
0054 1a8019               36 SF 25
0056 1f4044               37 "DONE"
0058 04f04e
005a 045
005b 17e                  38 AVIEW
005c 1f305e               39 "^^W"
005e 05e057
0060 1a609f               40 CLALMA
0062 112014               41 24
0064 1a608c               42 DATE
0066 111                  43 1
0067 1a608d               44 DATE+
0069 11a011               45 .1
006b 1a609d               46 XYZALM
006d 11d0f3               47 GTO "UAC"
006f 055041
0071 043
0072 1c4005               48 LBL "W"
0074 0f2000
0076 057
0077 1a608c               49 DATE
0079 1a6090               50 DOW
007b 1f1057               51 "W"
007d 1a606b               52 SEEKPTA
007f 1a6057               53 GETX
0081 167                  54 X=0?
0082 18d                  55 OFF
0083 1a901a               56 CF 26
0085 11d0f3               57 GTO "ALM"
0087 04104c
0089 04d
008a 1c6003               58 LBL "WKS"
008c 0f4000
008e 05704b
0090 053
0091 1f305e               59 "^^W"
0093 05e057
0095 1a609f               60 CLALMA
0097 19f002               61 TONE 02
0099 1c2002               62 END
009b 22f

##########################
#                        #
# Memory sizes (decimal) #
#                        #
##########################

Executable      (Text): 164 words
